<?xml version="1.0" encoding="UTF-8"?>
<!-- Generated by org.testng.reporters.JUnitReportReporter -->
<testsuite skipped="0" hostname="arpathak-t460" name="testproject.AppiumTest" tests="2" failures="0" timestamp="2020-10-28T15:54:06 IST" time="0.005" errors="0">
  <testcase name="MobileTests" time="0.003" classname="testproject.AppiumTest"/>
  <system-out/>
  <testcase name="mobileGUI" time="0.002" classname="testproject.AppiumTest"/>
  <system-out/>
</testsuite> <!-- testproject.AppiumTest -->
