<?xml version="1.0" encoding="UTF-8"?>
<!-- Generated by org.testng.reporters.JUnitReportReporter -->
<testsuite skipped="0" hostname="arpathak-t460" name="testproject.SeleniumTest" tests="2" failures="0" timestamp="2020-10-28T15:54:06 IST" time="0.025" errors="0">
  <testcase name="elemtsUI" time="0.002" classname="testproject.SeleniumTest"/>
  <system-out/>
  <testcase name="BrowserAutomation" time="0.023" classname="testproject.SeleniumTest"/>
  <system-out/>
</testsuite> <!-- testproject.SeleniumTest -->
