<?xml version="1.0" encoding="UTF-8"?>
<!-- Generated by org.testng.reporters.JUnitReportReporter -->
<testsuite skipped="0" hostname="arpathak-t460" name="testproject.RESTAPITest" tests="2" failures="0" timestamp="2020-10-28T15:53:56 IST" time="0.019" errors="0">
  <testcase name="PostUI" time="0.006" classname="testproject.RESTAPITest"/>
  <system-out/>
  <testcase name="elemtsRestJIRA" time="0.013" classname="testproject.RESTAPITest"/>
  <system-out/>
</testsuite> <!-- testproject.RESTAPITest -->
