<?xml version="1.0" encoding="UTF-8"?>
<!-- Generated by org.testng.reporters.JUnitReportReporter -->
<testsuite skipped="0" hostname="arpathak-t460" name="testproject.SeleniumTest" tests="2" failures="0" timestamp="2020-05-21T23:26:24 IST" time="0.011" errors="0">
  <testcase name="elemtsUI" time="0.001" classname="testproject.SeleniumTest"/>
  <testcase name="BrowserAutomation" time="0.010" classname="testproject.SeleniumTest"/>
</testsuite> <!-- testproject.SeleniumTest -->
