<?xml version="1.0" encoding="UTF-8"?>
<!-- Generated by org.testng.reporters.JUnitReportReporter -->
<testsuite skipped="0" hostname="arpathak-t460" name="testproject.RESTAPITest" tests="2" failures="0" timestamp="2020-05-21T23:26:12 IST" time="0.000" errors="0">
  <testcase name="PostUI" time="0.000" classname="testproject.RESTAPITest"/>
  <testcase name="elemtsRestJIRA" time="0.000" classname="testproject.RESTAPITest"/>
</testsuite> <!-- testproject.RESTAPITest -->
